<?xml version="1.0" encoding="UTF-8"?>
<!-- Generated by org.testng.reporters.JUnitXMLReporter -->
<testsuite ignored="5" hostname="DESKTOP-LMPQUOV" failures="0" tests="0" time="0.021" errors="0" timestamp="2022-10-10T09:37:28 IST">
  <testcase classname="com.crm.Generic_Utilities.BaseClass" name="@BeforeTest BT" time="0.0">
    <ignored/>
  </testcase> <!-- @BeforeTest BT -->
  <testcase classname="com.crm.Generic_Utilities.BaseClass" name="@BeforeSuite BS" time="0.0">
    <ignored/>
  </testcase> <!-- @BeforeSuite BS -->
  <testcase classname="com.crm.Generic_Utilities.BaseClass" name="@AfterTest AT" time="0.0">
    <ignored/>
  </testcase> <!-- @AfterTest AT -->
  <testcase classname="com.crm.Organization.Createorganizationtest" name="createorganizationTest" time="0.0">
    <ignored/>
  </testcase> <!-- createorganizationTest -->
  <testcase classname="com.crc.Products.CreateProductstest" name="CreateProductsTest" time="0.0">
    <ignored/>
  </testcase> <!-- CreateProductsTest -->
</testsuite>
